<?xml version="1.0" encoding="UTF-8"?>
<!-- Generated by org.testng.reporters.JUnitXMLReporter -->
<testsuite ignored="0" hostname="Khosruzs-MacBook-Pro.local" failures="0" tests="2" name="Surefire test" time="0.535" errors="0" timestamp="2025-02-13T17:27:43 EST">
  <testcase classname="com.Test.RegisterTest" name="@BeforeMethod tearUp" time="0.507">
    <failure type="java.lang.AssertionError" message="Webdriver Initialization failed">
      <![CDATA[java.lang.AssertionError: Webdriver Initialization failed
at com.Base.Base.initialization(Base.java:56)
at com.Test.RegisterTest.tearUp(RegisterTest.java:19)
at java.base/java.util.ArrayList.forEach(ArrayList.java:1511)
... Removed 35 stack frames]]>
    </failure>
  </testcase> <!-- @BeforeMethod tearUp -->
  <testcase classname="com.Test.RegisterTest" name="@AfterMethod tearDown" time="0.0">
    <skipped/>
  </testcase> <!-- @AfterMethod tearDown -->
  <testcase classname="com.Test.RegisterTest" name="@BeforeMethod tearUp" time="0.0">
    <skipped/>
  </testcase> <!-- @BeforeMethod tearUp -->
  <testcase classname="com.Test.RegisterTest" name="@AfterMethod tearDown" time="0.0">
    <skipped/>
  </testcase> <!-- @AfterMethod tearDown -->
  <testcase classname="com.Test.RegisterTest" name="fillOutForm" time="0.0">
    <skipped/>
  </testcase> <!-- fillOutForm -->
  <testcase classname="com.Test.RegisterTest" name="validatePageTitle" time="0.0">
    <skipped/>
  </testcase> <!-- validatePageTitle -->
</testsuite> <!-- Surefire test -->
